<?xml version="1.0" encoding="UTF-8"?>
<!-- Generated by org.testng.reporters.JUnitReportReporter -->
<testsuite hostname="LAPTOP-NJS816SB" failures="0" tests="1" name="multipleWindows.implementation" time="8.352" errors="0" timestamp="2022-04-05T13:26:29 IST" skipped="0">
  <testcase classname="multipleWindows.implementation" name="implement" time="8.352"/>
  <system-out/>
</testsuite> <!-- multipleWindows.implementation -->
